  Main.cpp
  Queue.cpp
E:\Code\C++\DSA\Queue\Queue\Queue.cpp(23,1): error C2760: syntax error: '}' was unexpected here; expected 'expression'
E:\Code\C++\DSA\Queue\Queue\Queue.cpp(23,1): error C2760: syntax error: '}' was unexpected here; expected ';'
  Generating Code...
